<?xml version="1.0" encoding="UTF-8"?>
<testsuites name="jest tests" tests="11" failures="0" errors="0" time="5.74">
  <testsuite name="Path Validator" errors="0" failures="0" skipped="0" timestamp="2024-12-22T15:59:31" time="4.829" tests="11">
    <testcase classname="Path Validator › isPathAllowed" name="should allow paths within project directory" time="0.015">
    </testcase>
    <testcase classname="Path Validator › isPathAllowed" name="should not allow paths outside project directory" time="0.003">
    </testcase>
    <testcase classname="Path Validator › isPathAllowed" name="should handle empty or invalid paths" time="0.001">
    </testcase>
    <testcase classname="Path Validator › isPathAllowed" name="should handle paths with invalid characters" time="0.001">
    </testcase>
    <testcase classname="Path Validator › isPathAllowed" name="should handle paths with URL-like characters" time="0.001">
    </testcase>
    <testcase classname="Path Validator › isPathAllowed" name="should handle error cases gracefully" time="0.001">
    </testcase>
    <testcase classname="Path Validator › validateAndNormalizePath" name="should normalize valid paths" time="0.001">
    </testcase>
    <testcase classname="Path Validator › validateAndNormalizePath" name="should throw error for invalid paths" time="0.011">
    </testcase>
    <testcase classname="Path Validator › validateAndNormalizePath" name="should throw error for paths with URL characters" time="0.001">
    </testcase>
    <testcase classname="Path Validator › validateAndNormalizePath" name="should throw error for paths outside project directory" time="0.002">
    </testcase>
    <testcase classname="Path Validator › validateAndNormalizePath" name="should handle error cases with appropriate messages" time="0.001">
    </testcase>
  </testsuite>
</testsuites>