<?xml version="1.0" encoding="UTF-8"?>
<testsuites name="jest tests" tests="26" failures="15" errors="0" time="1.928">
  <testsuite name="Path Validator" errors="0" failures="0" skipped="0" timestamp="2024-12-22T14:45:40" time="0.824" tests="11">
    <testcase classname="Path Validator › isPathAllowed" name="should allow paths within project directory" time="0.006">
    </testcase>
    <testcase classname="Path Validator › isPathAllowed" name="should not allow paths outside project directory" time="0.002">
    </testcase>
    <testcase classname="Path Validator › isPathAllowed" name="should handle empty or invalid paths" time="0.001">
    </testcase>
    <testcase classname="Path Validator › isPathAllowed" name="should handle paths with invalid characters" time="0">
    </testcase>
    <testcase classname="Path Validator › isPathAllowed" name="should handle paths with URL-like characters" time="0.001">
    </testcase>
    <testcase classname="Path Validator › isPathAllowed" name="should handle error cases gracefully" time="0.001">
    </testcase>
    <testcase classname="Path Validator › validateAndNormalizePath" name="should normalize valid paths" time="0">
    </testcase>
    <testcase classname="Path Validator › validateAndNormalizePath" name="should throw error for invalid paths" time="0.011">
    </testcase>
    <testcase classname="Path Validator › validateAndNormalizePath" name="should throw error for paths with URL characters" time="0.001">
    </testcase>
    <testcase classname="Path Validator › validateAndNormalizePath" name="should throw error for paths outside project directory" time="0.003">
    </testcase>
    <testcase classname="Path Validator › validateAndNormalizePath" name="should handle error cases with appropriate messages" time="0.001">
    </testcase>
  </testsuite>
  <testsuite name="Progress Tracker" errors="0" failures="14" skipped="0" timestamp="2024-12-22T14:45:40" time="1.085" tests="14">
    <testcase classname="Progress Tracker › Basic Progress Tracking" name="should initialize with total steps" time="0.005">
      <failure>TypeError: showProgress.mockClear is not a function
    at Object.&lt;anonymous&gt; (/home/ubuntu/repos/mcp-neurolora/test/unit/utils/progress-tracker.test.ts:15:33)
    at Promise.then.completed (/home/ubuntu/repos/mcp-neurolora/node_modules/jest-circus/build/utils.js:298:28)
    at new Promise (&lt;anonymous&gt;)
    at callAsyncCircusFn (/home/ubuntu/repos/mcp-neurolora/node_modules/jest-circus/build/utils.js:231:10)
    at _callCircusHook (/home/ubuntu/repos/mcp-neurolora/node_modules/jest-circus/build/run.js:281:40)
    at processTicksAndRejections (node:internal/process/task_queues:105:5)
    at _runTest (/home/ubuntu/repos/mcp-neurolora/node_modules/jest-circus/build/run.js:246:5)
    at _runTestsForDescribeBlock (/home/ubuntu/repos/mcp-neurolora/node_modules/jest-circus/build/run.js:126:9)
    at _runTestsForDescribeBlock (/home/ubuntu/repos/mcp-neurolora/node_modules/jest-circus/build/run.js:121:9)
    at _runTestsForDescribeBlock (/home/ubuntu/repos/mcp-neurolora/node_modules/jest-circus/build/run.js:121:9)
    at run (/home/ubuntu/repos/mcp-neurolora/node_modules/jest-circus/build/run.js:71:3)
    at runAndTransformResultsToJestFormat (/home/ubuntu/repos/mcp-neurolora/node_modules/jest-circus/build/legacy-code-todo-rewrite/jestAdapterInit.js:122:21)
    at jestAdapter (/home/ubuntu/repos/mcp-neurolora/node_modules/jest-circus/build/legacy-code-todo-rewrite/jestAdapter.js:79:19)
    at runTestInternal (/home/ubuntu/repos/mcp-neurolora/node_modules/jest-runner/build/runTest.js:367:16)
    at runTest (/home/ubuntu/repos/mcp-neurolora/node_modules/jest-runner/build/runTest.js:444:34)
    at Object.worker (/home/ubuntu/repos/mcp-neurolora/node_modules/jest-runner/build/testWorker.js:106:12)</failure>
    </testcase>
    <testcase classname="Progress Tracker › Basic Progress Tracking" name="should start progress tracking" time="0.001">
      <failure>TypeError: showProgress.mockClear is not a function
    at Object.&lt;anonymous&gt; (/home/ubuntu/repos/mcp-neurolora/test/unit/utils/progress-tracker.test.ts:15:33)
    at Promise.then.completed (/home/ubuntu/repos/mcp-neurolora/node_modules/jest-circus/build/utils.js:298:28)
    at new Promise (&lt;anonymous&gt;)
    at callAsyncCircusFn (/home/ubuntu/repos/mcp-neurolora/node_modules/jest-circus/build/utils.js:231:10)
    at _callCircusHook (/home/ubuntu/repos/mcp-neurolora/node_modules/jest-circus/build/run.js:281:40)
    at processTicksAndRejections (node:internal/process/task_queues:105:5)
    at _runTest (/home/ubuntu/repos/mcp-neurolora/node_modules/jest-circus/build/run.js:246:5)
    at _runTestsForDescribeBlock (/home/ubuntu/repos/mcp-neurolora/node_modules/jest-circus/build/run.js:126:9)
    at _runTestsForDescribeBlock (/home/ubuntu/repos/mcp-neurolora/node_modules/jest-circus/build/run.js:121:9)
    at _runTestsForDescribeBlock (/home/ubuntu/repos/mcp-neurolora/node_modules/jest-circus/build/run.js:121:9)
    at run (/home/ubuntu/repos/mcp-neurolora/node_modules/jest-circus/build/run.js:71:3)
    at runAndTransformResultsToJestFormat (/home/ubuntu/repos/mcp-neurolora/node_modules/jest-circus/build/legacy-code-todo-rewrite/jestAdapterInit.js:122:21)
    at jestAdapter (/home/ubuntu/repos/mcp-neurolora/node_modules/jest-circus/build/legacy-code-todo-rewrite/jestAdapter.js:79:19)
    at runTestInternal (/home/ubuntu/repos/mcp-neurolora/node_modules/jest-runner/build/runTest.js:367:16)
    at runTest (/home/ubuntu/repos/mcp-neurolora/node_modules/jest-runner/build/runTest.js:444:34)
    at Object.worker (/home/ubuntu/repos/mcp-neurolora/node_modules/jest-runner/build/testWorker.js:106:12)</failure>
    </testcase>
    <testcase classname="Progress Tracker › Basic Progress Tracking" name="should update progress over time" time="0.001">
      <failure>TypeError: showProgress.mockClear is not a function
    at Object.&lt;anonymous&gt; (/home/ubuntu/repos/mcp-neurolora/test/unit/utils/progress-tracker.test.ts:15:33)
    at Promise.then.completed (/home/ubuntu/repos/mcp-neurolora/node_modules/jest-circus/build/utils.js:298:28)
    at new Promise (&lt;anonymous&gt;)
    at callAsyncCircusFn (/home/ubuntu/repos/mcp-neurolora/node_modules/jest-circus/build/utils.js:231:10)
    at _callCircusHook (/home/ubuntu/repos/mcp-neurolora/node_modules/jest-circus/build/run.js:281:40)
    at processTicksAndRejections (node:internal/process/task_queues:105:5)
    at _runTest (/home/ubuntu/repos/mcp-neurolora/node_modules/jest-circus/build/run.js:246:5)
    at _runTestsForDescribeBlock (/home/ubuntu/repos/mcp-neurolora/node_modules/jest-circus/build/run.js:126:9)
    at _runTestsForDescribeBlock (/home/ubuntu/repos/mcp-neurolora/node_modules/jest-circus/build/run.js:121:9)
    at _runTestsForDescribeBlock (/home/ubuntu/repos/mcp-neurolora/node_modules/jest-circus/build/run.js:121:9)
    at run (/home/ubuntu/repos/mcp-neurolora/node_modules/jest-circus/build/run.js:71:3)
    at runAndTransformResultsToJestFormat (/home/ubuntu/repos/mcp-neurolora/node_modules/jest-circus/build/legacy-code-todo-rewrite/jestAdapterInit.js:122:21)
    at jestAdapter (/home/ubuntu/repos/mcp-neurolora/node_modules/jest-circus/build/legacy-code-todo-rewrite/jestAdapter.js:79:19)
    at runTestInternal (/home/ubuntu/repos/mcp-neurolora/node_modules/jest-runner/build/runTest.js:367:16)
    at runTest (/home/ubuntu/repos/mcp-neurolora/node_modules/jest-runner/build/runTest.js:444:34)
    at Object.worker (/home/ubuntu/repos/mcp-neurolora/node_modules/jest-runner/build/testWorker.js:106:12)</failure>
    </testcase>
    <testcase classname="Progress Tracker › Basic Progress Tracking" name="should stop progress tracking" time="0.001">
      <failure>TypeError: showProgress.mockClear is not a function
    at Object.&lt;anonymous&gt; (/home/ubuntu/repos/mcp-neurolora/test/unit/utils/progress-tracker.test.ts:15:33)
    at Promise.then.completed (/home/ubuntu/repos/mcp-neurolora/node_modules/jest-circus/build/utils.js:298:28)
    at new Promise (&lt;anonymous&gt;)
    at callAsyncCircusFn (/home/ubuntu/repos/mcp-neurolora/node_modules/jest-circus/build/utils.js:231:10)
    at _callCircusHook (/home/ubuntu/repos/mcp-neurolora/node_modules/jest-circus/build/run.js:281:40)
    at processTicksAndRejections (node:internal/process/task_queues:105:5)
    at _runTest (/home/ubuntu/repos/mcp-neurolora/node_modules/jest-circus/build/run.js:246:5)
    at _runTestsForDescribeBlock (/home/ubuntu/repos/mcp-neurolora/node_modules/jest-circus/build/run.js:126:9)
    at _runTestsForDescribeBlock (/home/ubuntu/repos/mcp-neurolora/node_modules/jest-circus/build/run.js:121:9)
    at _runTestsForDescribeBlock (/home/ubuntu/repos/mcp-neurolora/node_modules/jest-circus/build/run.js:121:9)
    at run (/home/ubuntu/repos/mcp-neurolora/node_modules/jest-circus/build/run.js:71:3)
    at runAndTransformResultsToJestFormat (/home/ubuntu/repos/mcp-neurolora/node_modules/jest-circus/build/legacy-code-todo-rewrite/jestAdapterInit.js:122:21)
    at jestAdapter (/home/ubuntu/repos/mcp-neurolora/node_modules/jest-circus/build/legacy-code-todo-rewrite/jestAdapter.js:79:19)
    at runTestInternal (/home/ubuntu/repos/mcp-neurolora/node_modules/jest-runner/build/runTest.js:367:16)
    at runTest (/home/ubuntu/repos/mcp-neurolora/node_modules/jest-runner/build/runTest.js:444:34)
    at Object.worker (/home/ubuntu/repos/mcp-neurolora/node_modules/jest-runner/build/testWorker.js:106:12)</failure>
    </testcase>
    <testcase classname="Progress Tracker › Options Handling" name="should respect custom width option" time="0.001">
      <failure>TypeError: showProgress.mockClear is not a function
    at Object.&lt;anonymous&gt; (/home/ubuntu/repos/mcp-neurolora/test/unit/utils/progress-tracker.test.ts:15:33)
    at Promise.then.completed (/home/ubuntu/repos/mcp-neurolora/node_modules/jest-circus/build/utils.js:298:28)
    at new Promise (&lt;anonymous&gt;)
    at callAsyncCircusFn (/home/ubuntu/repos/mcp-neurolora/node_modules/jest-circus/build/utils.js:231:10)
    at _callCircusHook (/home/ubuntu/repos/mcp-neurolora/node_modules/jest-circus/build/run.js:281:40)
    at processTicksAndRejections (node:internal/process/task_queues:105:5)
    at _runTest (/home/ubuntu/repos/mcp-neurolora/node_modules/jest-circus/build/run.js:246:5)
    at _runTestsForDescribeBlock (/home/ubuntu/repos/mcp-neurolora/node_modules/jest-circus/build/run.js:126:9)
    at _runTestsForDescribeBlock (/home/ubuntu/repos/mcp-neurolora/node_modules/jest-circus/build/run.js:121:9)
    at _runTestsForDescribeBlock (/home/ubuntu/repos/mcp-neurolora/node_modules/jest-circus/build/run.js:121:9)
    at run (/home/ubuntu/repos/mcp-neurolora/node_modules/jest-circus/build/run.js:71:3)
    at runAndTransformResultsToJestFormat (/home/ubuntu/repos/mcp-neurolora/node_modules/jest-circus/build/legacy-code-todo-rewrite/jestAdapterInit.js:122:21)
    at jestAdapter (/home/ubuntu/repos/mcp-neurolora/node_modules/jest-circus/build/legacy-code-todo-rewrite/jestAdapter.js:79:19)
    at runTestInternal (/home/ubuntu/repos/mcp-neurolora/node_modules/jest-runner/build/runTest.js:367:16)
    at runTest (/home/ubuntu/repos/mcp-neurolora/node_modules/jest-runner/build/runTest.js:444:34)
    at Object.worker (/home/ubuntu/repos/mcp-neurolora/node_modules/jest-runner/build/testWorker.js:106:12)</failure>
    </testcase>
    <testcase classname="Progress Tracker › Options Handling" name="should respect custom prefix option" time="0">
      <failure>TypeError: showProgress.mockClear is not a function
    at Object.&lt;anonymous&gt; (/home/ubuntu/repos/mcp-neurolora/test/unit/utils/progress-tracker.test.ts:15:33)
    at Promise.then.completed (/home/ubuntu/repos/mcp-neurolora/node_modules/jest-circus/build/utils.js:298:28)
    at new Promise (&lt;anonymous&gt;)
    at callAsyncCircusFn (/home/ubuntu/repos/mcp-neurolora/node_modules/jest-circus/build/utils.js:231:10)
    at _callCircusHook (/home/ubuntu/repos/mcp-neurolora/node_modules/jest-circus/build/run.js:281:40)
    at processTicksAndRejections (node:internal/process/task_queues:105:5)
    at _runTest (/home/ubuntu/repos/mcp-neurolora/node_modules/jest-circus/build/run.js:246:5)
    at _runTestsForDescribeBlock (/home/ubuntu/repos/mcp-neurolora/node_modules/jest-circus/build/run.js:126:9)
    at _runTestsForDescribeBlock (/home/ubuntu/repos/mcp-neurolora/node_modules/jest-circus/build/run.js:121:9)
    at _runTestsForDescribeBlock (/home/ubuntu/repos/mcp-neurolora/node_modules/jest-circus/build/run.js:121:9)
    at run (/home/ubuntu/repos/mcp-neurolora/node_modules/jest-circus/build/run.js:71:3)
    at runAndTransformResultsToJestFormat (/home/ubuntu/repos/mcp-neurolora/node_modules/jest-circus/build/legacy-code-todo-rewrite/jestAdapterInit.js:122:21)
    at jestAdapter (/home/ubuntu/repos/mcp-neurolora/node_modules/jest-circus/build/legacy-code-todo-rewrite/jestAdapter.js:79:19)
    at runTestInternal (/home/ubuntu/repos/mcp-neurolora/node_modules/jest-runner/build/runTest.js:367:16)
    at runTest (/home/ubuntu/repos/mcp-neurolora/node_modules/jest-runner/build/runTest.js:444:34)
    at Object.worker (/home/ubuntu/repos/mcp-neurolora/node_modules/jest-runner/build/testWorker.js:106:12)</failure>
    </testcase>
    <testcase classname="Progress Tracker › Edge Cases" name="should handle zero total steps" time="0">
      <failure>TypeError: showProgress.mockClear is not a function
    at Object.&lt;anonymous&gt; (/home/ubuntu/repos/mcp-neurolora/test/unit/utils/progress-tracker.test.ts:15:33)
    at Promise.then.completed (/home/ubuntu/repos/mcp-neurolora/node_modules/jest-circus/build/utils.js:298:28)
    at new Promise (&lt;anonymous&gt;)
    at callAsyncCircusFn (/home/ubuntu/repos/mcp-neurolora/node_modules/jest-circus/build/utils.js:231:10)
    at _callCircusHook (/home/ubuntu/repos/mcp-neurolora/node_modules/jest-circus/build/run.js:281:40)
    at processTicksAndRejections (node:internal/process/task_queues:105:5)
    at _runTest (/home/ubuntu/repos/mcp-neurolora/node_modules/jest-circus/build/run.js:246:5)
    at _runTestsForDescribeBlock (/home/ubuntu/repos/mcp-neurolora/node_modules/jest-circus/build/run.js:126:9)
    at _runTestsForDescribeBlock (/home/ubuntu/repos/mcp-neurolora/node_modules/jest-circus/build/run.js:121:9)
    at _runTestsForDescribeBlock (/home/ubuntu/repos/mcp-neurolora/node_modules/jest-circus/build/run.js:121:9)
    at run (/home/ubuntu/repos/mcp-neurolora/node_modules/jest-circus/build/run.js:71:3)
    at runAndTransformResultsToJestFormat (/home/ubuntu/repos/mcp-neurolora/node_modules/jest-circus/build/legacy-code-todo-rewrite/jestAdapterInit.js:122:21)
    at jestAdapter (/home/ubuntu/repos/mcp-neurolora/node_modules/jest-circus/build/legacy-code-todo-rewrite/jestAdapter.js:79:19)
    at runTestInternal (/home/ubuntu/repos/mcp-neurolora/node_modules/jest-runner/build/runTest.js:367:16)
    at runTest (/home/ubuntu/repos/mcp-neurolora/node_modules/jest-runner/build/runTest.js:444:34)
    at Object.worker (/home/ubuntu/repos/mcp-neurolora/node_modules/jest-runner/build/testWorker.js:106:12)</failure>
    </testcase>
    <testcase classname="Progress Tracker › Edge Cases" name="should not start multiple intervals" time="0.001">
      <failure>TypeError: showProgress.mockClear is not a function
    at Object.&lt;anonymous&gt; (/home/ubuntu/repos/mcp-neurolora/test/unit/utils/progress-tracker.test.ts:15:33)
    at Promise.then.completed (/home/ubuntu/repos/mcp-neurolora/node_modules/jest-circus/build/utils.js:298:28)
    at new Promise (&lt;anonymous&gt;)
    at callAsyncCircusFn (/home/ubuntu/repos/mcp-neurolora/node_modules/jest-circus/build/utils.js:231:10)
    at _callCircusHook (/home/ubuntu/repos/mcp-neurolora/node_modules/jest-circus/build/run.js:281:40)
    at processTicksAndRejections (node:internal/process/task_queues:105:5)
    at _runTest (/home/ubuntu/repos/mcp-neurolora/node_modules/jest-circus/build/run.js:246:5)
    at _runTestsForDescribeBlock (/home/ubuntu/repos/mcp-neurolora/node_modules/jest-circus/build/run.js:126:9)
    at _runTestsForDescribeBlock (/home/ubuntu/repos/mcp-neurolora/node_modules/jest-circus/build/run.js:121:9)
    at _runTestsForDescribeBlock (/home/ubuntu/repos/mcp-neurolora/node_modules/jest-circus/build/run.js:121:9)
    at run (/home/ubuntu/repos/mcp-neurolora/node_modules/jest-circus/build/run.js:71:3)
    at runAndTransformResultsToJestFormat (/home/ubuntu/repos/mcp-neurolora/node_modules/jest-circus/build/legacy-code-todo-rewrite/jestAdapterInit.js:122:21)
    at jestAdapter (/home/ubuntu/repos/mcp-neurolora/node_modules/jest-circus/build/legacy-code-todo-rewrite/jestAdapter.js:79:19)
    at runTestInternal (/home/ubuntu/repos/mcp-neurolora/node_modules/jest-runner/build/runTest.js:367:16)
    at runTest (/home/ubuntu/repos/mcp-neurolora/node_modules/jest-runner/build/runTest.js:444:34)
    at Object.worker (/home/ubuntu/repos/mcp-neurolora/node_modules/jest-runner/build/testWorker.js:106:12)</failure>
    </testcase>
    <testcase classname="Progress Tracker › Edge Cases" name="should handle stop without start" time="0">
      <failure>TypeError: showProgress.mockClear is not a function
    at Object.&lt;anonymous&gt; (/home/ubuntu/repos/mcp-neurolora/test/unit/utils/progress-tracker.test.ts:15:33)
    at Promise.then.completed (/home/ubuntu/repos/mcp-neurolora/node_modules/jest-circus/build/utils.js:298:28)
    at new Promise (&lt;anonymous&gt;)
    at callAsyncCircusFn (/home/ubuntu/repos/mcp-neurolora/node_modules/jest-circus/build/utils.js:231:10)
    at _callCircusHook (/home/ubuntu/repos/mcp-neurolora/node_modules/jest-circus/build/run.js:281:40)
    at processTicksAndRejections (node:internal/process/task_queues:105:5)
    at _runTest (/home/ubuntu/repos/mcp-neurolora/node_modules/jest-circus/build/run.js:246:5)
    at _runTestsForDescribeBlock (/home/ubuntu/repos/mcp-neurolora/node_modules/jest-circus/build/run.js:126:9)
    at _runTestsForDescribeBlock (/home/ubuntu/repos/mcp-neurolora/node_modules/jest-circus/build/run.js:121:9)
    at _runTestsForDescribeBlock (/home/ubuntu/repos/mcp-neurolora/node_modules/jest-circus/build/run.js:121:9)
    at run (/home/ubuntu/repos/mcp-neurolora/node_modules/jest-circus/build/run.js:71:3)
    at runAndTransformResultsToJestFormat (/home/ubuntu/repos/mcp-neurolora/node_modules/jest-circus/build/legacy-code-todo-rewrite/jestAdapterInit.js:122:21)
    at jestAdapter (/home/ubuntu/repos/mcp-neurolora/node_modules/jest-circus/build/legacy-code-todo-rewrite/jestAdapter.js:79:19)
    at runTestInternal (/home/ubuntu/repos/mcp-neurolora/node_modules/jest-runner/build/runTest.js:367:16)
    at runTest (/home/ubuntu/repos/mcp-neurolora/node_modules/jest-runner/build/runTest.js:444:34)
    at Object.worker (/home/ubuntu/repos/mcp-neurolora/node_modules/jest-runner/build/testWorker.js:106:12)</failure>
    </testcase>
    <testcase classname="Progress Tracker › Edge Cases" name="should handle custom stop message" time="0">
      <failure>TypeError: showProgress.mockClear is not a function
    at Object.&lt;anonymous&gt; (/home/ubuntu/repos/mcp-neurolora/test/unit/utils/progress-tracker.test.ts:15:33)
    at Promise.then.completed (/home/ubuntu/repos/mcp-neurolora/node_modules/jest-circus/build/utils.js:298:28)
    at new Promise (&lt;anonymous&gt;)
    at callAsyncCircusFn (/home/ubuntu/repos/mcp-neurolora/node_modules/jest-circus/build/utils.js:231:10)
    at _callCircusHook (/home/ubuntu/repos/mcp-neurolora/node_modules/jest-circus/build/run.js:281:40)
    at processTicksAndRejections (node:internal/process/task_queues:105:5)
    at _runTest (/home/ubuntu/repos/mcp-neurolora/node_modules/jest-circus/build/run.js:246:5)
    at _runTestsForDescribeBlock (/home/ubuntu/repos/mcp-neurolora/node_modules/jest-circus/build/run.js:126:9)
    at _runTestsForDescribeBlock (/home/ubuntu/repos/mcp-neurolora/node_modules/jest-circus/build/run.js:121:9)
    at _runTestsForDescribeBlock (/home/ubuntu/repos/mcp-neurolora/node_modules/jest-circus/build/run.js:121:9)
    at run (/home/ubuntu/repos/mcp-neurolora/node_modules/jest-circus/build/run.js:71:3)
    at runAndTransformResultsToJestFormat (/home/ubuntu/repos/mcp-neurolora/node_modules/jest-circus/build/legacy-code-todo-rewrite/jestAdapterInit.js:122:21)
    at jestAdapter (/home/ubuntu/repos/mcp-neurolora/node_modules/jest-circus/build/legacy-code-todo-rewrite/jestAdapter.js:79:19)
    at runTestInternal (/home/ubuntu/repos/mcp-neurolora/node_modules/jest-runner/build/runTest.js:367:16)
    at runTest (/home/ubuntu/repos/mcp-neurolora/node_modules/jest-runner/build/runTest.js:444:34)
    at Object.worker (/home/ubuntu/repos/mcp-neurolora/node_modules/jest-runner/build/testWorker.js:106:12)</failure>
    </testcase>
    <testcase classname="Progress Tracker › Progress Calculation" name="should calculate progress based on elapsed time" time="0">
      <failure>TypeError: showProgress.mockClear is not a function
    at Object.&lt;anonymous&gt; (/home/ubuntu/repos/mcp-neurolora/test/unit/utils/progress-tracker.test.ts:15:33)
    at Promise.then.completed (/home/ubuntu/repos/mcp-neurolora/node_modules/jest-circus/build/utils.js:298:28)
    at new Promise (&lt;anonymous&gt;)
    at callAsyncCircusFn (/home/ubuntu/repos/mcp-neurolora/node_modules/jest-circus/build/utils.js:231:10)
    at _callCircusHook (/home/ubuntu/repos/mcp-neurolora/node_modules/jest-circus/build/run.js:281:40)
    at processTicksAndRejections (node:internal/process/task_queues:105:5)
    at _runTest (/home/ubuntu/repos/mcp-neurolora/node_modules/jest-circus/build/run.js:246:5)
    at _runTestsForDescribeBlock (/home/ubuntu/repos/mcp-neurolora/node_modules/jest-circus/build/run.js:126:9)
    at _runTestsForDescribeBlock (/home/ubuntu/repos/mcp-neurolora/node_modules/jest-circus/build/run.js:121:9)
    at _runTestsForDescribeBlock (/home/ubuntu/repos/mcp-neurolora/node_modules/jest-circus/build/run.js:121:9)
    at run (/home/ubuntu/repos/mcp-neurolora/node_modules/jest-circus/build/run.js:71:3)
    at runAndTransformResultsToJestFormat (/home/ubuntu/repos/mcp-neurolora/node_modules/jest-circus/build/legacy-code-todo-rewrite/jestAdapterInit.js:122:21)
    at jestAdapter (/home/ubuntu/repos/mcp-neurolora/node_modules/jest-circus/build/legacy-code-todo-rewrite/jestAdapter.js:79:19)
    at runTestInternal (/home/ubuntu/repos/mcp-neurolora/node_modules/jest-runner/build/runTest.js:367:16)
    at runTest (/home/ubuntu/repos/mcp-neurolora/node_modules/jest-runner/build/runTest.js:444:34)
    at Object.worker (/home/ubuntu/repos/mcp-neurolora/node_modules/jest-runner/build/testWorker.js:106:12)</failure>
    </testcase>
    <testcase classname="Progress Tracker › Progress Calculation" name="should not exceed 100% progress" time="0">
      <failure>TypeError: showProgress.mockClear is not a function
    at Object.&lt;anonymous&gt; (/home/ubuntu/repos/mcp-neurolora/test/unit/utils/progress-tracker.test.ts:15:33)
    at Promise.then.completed (/home/ubuntu/repos/mcp-neurolora/node_modules/jest-circus/build/utils.js:298:28)
    at new Promise (&lt;anonymous&gt;)
    at callAsyncCircusFn (/home/ubuntu/repos/mcp-neurolora/node_modules/jest-circus/build/utils.js:231:10)
    at _callCircusHook (/home/ubuntu/repos/mcp-neurolora/node_modules/jest-circus/build/run.js:281:40)
    at processTicksAndRejections (node:internal/process/task_queues:105:5)
    at _runTest (/home/ubuntu/repos/mcp-neurolora/node_modules/jest-circus/build/run.js:246:5)
    at _runTestsForDescribeBlock (/home/ubuntu/repos/mcp-neurolora/node_modules/jest-circus/build/run.js:126:9)
    at _runTestsForDescribeBlock (/home/ubuntu/repos/mcp-neurolora/node_modules/jest-circus/build/run.js:121:9)
    at _runTestsForDescribeBlock (/home/ubuntu/repos/mcp-neurolora/node_modules/jest-circus/build/run.js:121:9)
    at run (/home/ubuntu/repos/mcp-neurolora/node_modules/jest-circus/build/run.js:71:3)
    at runAndTransformResultsToJestFormat (/home/ubuntu/repos/mcp-neurolora/node_modules/jest-circus/build/legacy-code-todo-rewrite/jestAdapterInit.js:122:21)
    at jestAdapter (/home/ubuntu/repos/mcp-neurolora/node_modules/jest-circus/build/legacy-code-todo-rewrite/jestAdapter.js:79:19)
    at runTestInternal (/home/ubuntu/repos/mcp-neurolora/node_modules/jest-runner/build/runTest.js:367:16)
    at runTest (/home/ubuntu/repos/mcp-neurolora/node_modules/jest-runner/build/runTest.js:444:34)
    at Object.worker (/home/ubuntu/repos/mcp-neurolora/node_modules/jest-runner/build/testWorker.js:106:12)</failure>
    </testcase>
    <testcase classname="Progress Tracker › Cleanup" name="should clean up interval on stop" time="0.001">
      <failure>TypeError: showProgress.mockClear is not a function
    at Object.&lt;anonymous&gt; (/home/ubuntu/repos/mcp-neurolora/test/unit/utils/progress-tracker.test.ts:15:33)
    at Promise.then.completed (/home/ubuntu/repos/mcp-neurolora/node_modules/jest-circus/build/utils.js:298:28)
    at new Promise (&lt;anonymous&gt;)
    at callAsyncCircusFn (/home/ubuntu/repos/mcp-neurolora/node_modules/jest-circus/build/utils.js:231:10)
    at _callCircusHook (/home/ubuntu/repos/mcp-neurolora/node_modules/jest-circus/build/run.js:281:40)
    at processTicksAndRejections (node:internal/process/task_queues:105:5)
    at _runTest (/home/ubuntu/repos/mcp-neurolora/node_modules/jest-circus/build/run.js:246:5)
    at _runTestsForDescribeBlock (/home/ubuntu/repos/mcp-neurolora/node_modules/jest-circus/build/run.js:126:9)
    at _runTestsForDescribeBlock (/home/ubuntu/repos/mcp-neurolora/node_modules/jest-circus/build/run.js:121:9)
    at _runTestsForDescribeBlock (/home/ubuntu/repos/mcp-neurolora/node_modules/jest-circus/build/run.js:121:9)
    at run (/home/ubuntu/repos/mcp-neurolora/node_modules/jest-circus/build/run.js:71:3)
    at runAndTransformResultsToJestFormat (/home/ubuntu/repos/mcp-neurolora/node_modules/jest-circus/build/legacy-code-todo-rewrite/jestAdapterInit.js:122:21)
    at jestAdapter (/home/ubuntu/repos/mcp-neurolora/node_modules/jest-circus/build/legacy-code-todo-rewrite/jestAdapter.js:79:19)
    at runTestInternal (/home/ubuntu/repos/mcp-neurolora/node_modules/jest-runner/build/runTest.js:367:16)
    at runTest (/home/ubuntu/repos/mcp-neurolora/node_modules/jest-runner/build/runTest.js:444:34)
    at Object.worker (/home/ubuntu/repos/mcp-neurolora/node_modules/jest-runner/build/testWorker.js:106:12)</failure>
    </testcase>
    <testcase classname="Progress Tracker › Cleanup" name="should handle multiple stops" time="0">
      <failure>TypeError: showProgress.mockClear is not a function
    at Object.&lt;anonymous&gt; (/home/ubuntu/repos/mcp-neurolora/test/unit/utils/progress-tracker.test.ts:15:33)
    at Promise.then.completed (/home/ubuntu/repos/mcp-neurolora/node_modules/jest-circus/build/utils.js:298:28)
    at new Promise (&lt;anonymous&gt;)
    at callAsyncCircusFn (/home/ubuntu/repos/mcp-neurolora/node_modules/jest-circus/build/utils.js:231:10)
    at _callCircusHook (/home/ubuntu/repos/mcp-neurolora/node_modules/jest-circus/build/run.js:281:40)
    at processTicksAndRejections (node:internal/process/task_queues:105:5)
    at _runTest (/home/ubuntu/repos/mcp-neurolora/node_modules/jest-circus/build/run.js:246:5)
    at _runTestsForDescribeBlock (/home/ubuntu/repos/mcp-neurolora/node_modules/jest-circus/build/run.js:126:9)
    at _runTestsForDescribeBlock (/home/ubuntu/repos/mcp-neurolora/node_modules/jest-circus/build/run.js:121:9)
    at _runTestsForDescribeBlock (/home/ubuntu/repos/mcp-neurolora/node_modules/jest-circus/build/run.js:121:9)
    at run (/home/ubuntu/repos/mcp-neurolora/node_modules/jest-circus/build/run.js:71:3)
    at runAndTransformResultsToJestFormat (/home/ubuntu/repos/mcp-neurolora/node_modules/jest-circus/build/legacy-code-todo-rewrite/jestAdapterInit.js:122:21)
    at jestAdapter (/home/ubuntu/repos/mcp-neurolora/node_modules/jest-circus/build/legacy-code-todo-rewrite/jestAdapter.js:79:19)
    at runTestInternal (/home/ubuntu/repos/mcp-neurolora/node_modules/jest-runner/build/runTest.js:367:16)
    at runTest (/home/ubuntu/repos/mcp-neurolora/node_modules/jest-runner/build/runTest.js:444:34)
    at Object.worker (/home/ubuntu/repos/mcp-neurolora/node_modules/jest-runner/build/testWorker.js:106:12)</failure>
    </testcase>
  </testsuite>
  <testsuite name="Code Analyzer Tool" errors="0" failures="1" skipped="0" timestamp="2024-12-22T14:45:40" time="1.625" tests="1">
    <testcase classname="Code Analyzer Tool" name="should analyze code-collector directory" time="0.004">
      <failure>Error: Configuration error:

Could not locate module @modelcontextprotocol/sdk/server/index.js mapped as:
/home/ubuntu/repos/mcp-neurolora/node_modules/@modelcontextprotocol/$1.

Please check your configuration for these entries:
{
  &quot;moduleNameMapper&quot;: {
    &quot;/^@modelcontextprotocol\/(.*)$/&quot;: &quot;/home/ubuntu/repos/mcp-neurolora/node_modules/@modelcontextprotocol/$1&quot;
  },
  &quot;resolver&quot;: undefined
}
    at createNoMappedModuleFoundError (/home/ubuntu/repos/mcp-neurolora/node_modules/jest-resolve/build/resolver.js:759:17)
    at Resolver.resolveStubModuleNameAsync (/home/ubuntu/repos/mcp-neurolora/node_modules/jest-resolve/build/resolver.js:727:19)
    at Resolver.getMockModuleAsync (/home/ubuntu/repos/mcp-neurolora/node_modules/jest-resolve/build/resolver.js:493:26)
    at Resolver._isModuleResolvedAsync (/home/ubuntu/repos/mcp-neurolora/node_modules/jest-resolve/build/resolver.js:638:8)
    at Resolver._getAbsolutePathAsync (/home/ubuntu/repos/mcp-neurolora/node_modules/jest-resolve/build/resolver.js:596:30)
    at Resolver.getModuleIDAsync (/home/ubuntu/repos/mcp-neurolora/node_modules/jest-resolve/build/resolver.js:558:26)
    at Runtime._shouldMockModule (/home/ubuntu/repos/mcp-neurolora/node_modules/jest-runtime/build/index.js:1776:22)
    at Runtime.resolveModule (/home/ubuntu/repos/mcp-neurolora/node_modules/jest-runtime/build/index.js:667:7)</failure>
    </testcase>
  </testsuite>
</testsuites>